d:\ken\course\engineering mathematics\project2\optimization(shader)\optimization\optimization\debug\vc140.pdb
d:\ken\course\engineering mathematics\project2\optimization(shader)\optimization\optimization\debug\variable.obj
d:\ken\course\engineering mathematics\project2\optimization(shader)\optimization\optimization\debug\shadermanager.obj
d:\ken\course\engineering mathematics\project2\optimization(shader)\optimization\optimization\debug\myform.obj
d:\ken\course\engineering mathematics\project2\optimization(shader)\optimization\optimization\debug\loadshaders.obj
d:\ken\course\engineering mathematics\project2\optimization(shader)\optimization\optimization\debug\dotnetuitilities.obj
d:\ken\course\engineering mathematics\project2\optimization(shader)\optimization\optimization\debug\datamanager.obj
d:\ken\course\engineering mathematics\project2\optimization(shader)\optimization\optimization\debug\.netframework,version=v4.5.2.assemblyattributes.obj
d:\ken\course\engineering mathematics\project2\optimization(shader)\optimization\optimization\debug\.netframework,version=v4.5.2.assemblyattributes.asm
d:\ken\course\engineering mathematics\project2\optimization(shader)\optimization\optimization\debug\newtonmethod.obj
d:\ken\course\engineering mathematics\project2\optimization(shader)\optimization\optimization\debug\point2d.obj
d:\ken\course\engineering mathematics\project2\optimization(shader)\optimization\optimization\debug\expression.obj
d:\ken\course\engineering mathematics\project2\optimization(shader)\optimization\optimization\debug\powellmethod.obj
d:\ken\course\engineering mathematics\project2\optimization(shader)\optimization\optimization\debug\gmethod.obj
d:\ken\course\engineering mathematics\project2\optimization(shader)\optimization\debug\optimization.exe
d:\ken\course\engineering mathematics\project2\optimization(shader)\optimization\debug\optimization.pdb
d:\ken\course\engineering mathematics\project2\optimization(shader)\optimization\optimization\debug\optimization.tlog\metagen.write.1.tlog
d:\ken\course\engineering mathematics\project2\optimization(shader)\optimization\debug\hkoglpanel.dll
d:\ken\course\engineering mathematics\project2\optimization(shader)\optimization\optimization\debug\optimization.myform.resources
d:\ken\course\engineering mathematics\project2\optimization(shader)\optimization\optimization\debug\optimization.vcxproj.generateresource.cache
d:\ken\course\engineering mathematics\project2\optimization(shader)\optimization\optimization\debug\optimization.vcxprojresolveassemblyreference.cache
d:\ken\course\engineering mathematics\project2\optimization(shader)\optimization\optimization\debug\optimization.tlog\cl.command.1.tlog
d:\ken\course\engineering mathematics\project2\optimization(shader)\optimization\optimization\debug\optimization.tlog\cl.read.1.tlog
d:\ken\course\engineering mathematics\project2\optimization(shader)\optimization\optimization\debug\optimization.tlog\cl.write.1.tlog
d:\ken\course\engineering mathematics\project2\optimization(shader)\optimization\optimization\debug\optimization.tlog\link.command.1.tlog
d:\ken\course\engineering mathematics\project2\optimization(shader)\optimization\optimization\debug\optimization.tlog\link.read.1.tlog
d:\ken\course\engineering mathematics\project2\optimization(shader)\optimization\optimization\debug\optimization.tlog\link.write.1.tlog
d:\ken\course\engineering mathematics\project2\optimization(shader)\optimization\optimization\debug\optimization.tlog\metagen.read.1.tlog
d:\ken\course\engineering mathematics\project2\optimization(shader)\optimization\optimization\debug\optimization.tlog\optimization.write.1u.tlog
d:\ken\course\engineering mathematics\project2\optimization(shader)\optimization\optimization\debug\optimization.tlog\hkoglpanel.dll.metagen
d:\ken\course\engineering mathematics\project2\optimization(shader)\optimization\optimization\debug\optimization.tlog\tzres.dll.bi
