h:\optimization\optimization\optimization\release\vc140.pdb
h:\optimization\optimization\optimization\release\shadermanager.obj
h:\optimization\optimization\optimization\release\myform.obj
h:\optimization\optimization\optimization\release\loadshaders.obj
h:\optimization\optimization\optimization\release\.netframework,version=v4.5.2.assemblyattributes.obj
h:\optimization\optimization\optimization\release\.netframework,version=v4.5.2.assemblyattributes.asm
h:\optimization\optimization\release\optimization.exe
h:\optimization\optimization\release\optimization.pdb
h:\optimization\optimization\optimization\release\optimization.tlog\metagen.write.1.tlog
h:\optimization\optimization\optimization\release\optimization.myform.resources
h:\optimization\optimization\optimization\release\optimization.vcxproj.generateresource.cache
h:\optimization\optimization\optimization\release\optimization.tlog\cl.command.1.tlog
h:\optimization\optimization\optimization\release\optimization.tlog\cl.read.1.tlog
h:\optimization\optimization\optimization\release\optimization.tlog\cl.write.1.tlog
h:\optimization\optimization\optimization\release\optimization.tlog\link.command.1.tlog
h:\optimization\optimization\optimization\release\optimization.tlog\link.read.1.tlog
h:\optimization\optimization\optimization\release\optimization.tlog\link.write.1.tlog
h:\optimization\optimization\optimization\release\optimization.tlog\metagen.read.1.tlog
h:\optimization\optimization\optimization\release\optimization.tlog\optimization.write.1u.tlog
h:\optimization\optimization\optimization\release\optimization.tlog\hkoglpanel.dll.metagen
h:\optimization\optimization\optimization\release\optimization.tlog\rsaenh.dll.bi
h:\optimization\optimization\optimization\release\optimization.tlog\tzres.dll.bi
